<?xml version="1.0" encoding="UTF-8"?>
<!-- Generated by org.testng.reporters.JUnitXMLReporter -->
<testsuite ignored="0" hostname="DESKTOP-CFDELKE" failures="0" tests="3" name="MePro Application Test Cases" time="246.436" errors="0" timestamp="30 Sep 2020 16:58:03 GMT">
  <testcase classname="com.mepro.test.LoginPageTest" name="verifyLogin" time="6.353"/>
  <testcase classname="com.mepro.test.NewUserLandingPageTest" name="verifyUserNameProffileLink" time="30.489"/>
  <testcase classname="com.mepro.test.PlacementQuizTest" name="verifyAttemptQuiz" time="176.572"/>
</testsuite> <!-- MePro Application Test Cases -->
