<?xml version="1.0" encoding="UTF-8"?>
<!-- Generated by org.testng.reporters.JUnitXMLReporter -->
<testsuite ignored="0" hostname="DESKTOP-CFDELKE" failures="0" tests="25" name="KnoxTeams App Test Cases" time="419.121" errors="0" timestamp="21 Sep 2020 18:39:50 GMT">
  <testcase classname="com.mepro.test.LoginPageTest" name="verifyLogin" time="14.4"/>
  <testcase classname="com.mepro.test.LoginPageTest" name="verifyLoginHelp" time="6.184"/>
  <testcase classname="com.mepro.test.LoginPageTest" name="verifyTermsOfUseLink" time="6.55"/>
  <testcase classname="com.mepro.test.LoginPageTest" name="verifySignUpCaption" time="5.551"/>
  <testcase classname="com.mepro.test.LoginPageTest" name="verifyCreateNewAccountButton" time="5.968"/>
  <testcase classname="com.mepro.test.LoginPageTest" name="verifyForgetPasswordLink" time="6.839"/>
  <testcase classname="com.mepro.test.LoginPageTest" name="verifyForgetPassword" time="5.186"/>
  <testcase classname="com.mepro.test.LoginPageTest" name="verifyPasswordResetWithEmail" time="9.426"/>
  <testcase classname="com.mepro.test.LoginPageTest" name="verifyReturnToSignInPageLink" time="7.292"/>
  <testcase classname="com.mepro.test.LoginPageTest" name="verifyTermsOfUseFooterLink" time="20.723"/>
  <testcase classname="com.mepro.test.LoginPageTest" name="verifyPrivacyFooterLink" time="12.533"/>
  <testcase classname="com.mepro.test.LoginPageTest" name="verifyAccessibilityFooterLink" time="6.457"/>
  <testcase classname="com.mepro.test.LoginPageTest" name="verifyPermissionsFooterLink" time="10.557"/>
  <testcase classname="com.mepro.test.LoginPageTest" name="verifySupportFooterLink" time="7.883"/>
  <testcase classname="com.mepro.test.LoginPageTest" name="verifyCreditFooterTextAvailability" time="4.723"/>
  <testcase classname="com.mepro.test.LoginPageTest" name="verifyPearsonFooterLink" time="10.009"/>
  <testcase classname="com.mepro.test.LoginPageTest" name="verifyInvalidLoginAttempt" time="5.515"/>
  <testcase classname="com.mepro.test.LoginPageTest" name="verifyPasswordResetWithPhone" time="5.122"/>
  <testcase classname="com.mepro.test.LoginPageTest" name="verifyLoginAttemptWithBlankCredentials" time="5.64"/>
  <testcase classname="com.mepro.test.LoginPageTest" name="verifyLoginAttemptBlankUserName" time="5.713"/>
  <testcase classname="com.mepro.test.LoginPageTest" name="verifyLoginAttemptBlankPassword" time="7.775"/>
  <testcase classname="com.mepro.test.LoginPageTest" name="verifyStudAccountCreation" time="6.857"/>
  <testcase classname="com.mepro.test.LoginPageTest" name="verifyInstructorAccountCreation" time="6.26"/>
  <testcase classname="com.mepro.test.LoginPageTest" name="verifyLogoAvailability" time="7.967"/>
  <testcase classname="com.mepro.test.LoginPageTest" name="verifyLoginInstructionText" time="8.677"/>
</testsuite> <!-- KnoxTeams App Test Cases -->
