<?xml version="1.0" encoding="UTF-8"?>
<!-- Generated by org.testng.reporters.JUnitXMLReporter -->
<testsuite ignored="0" hostname="DESKTOP-CFDELKE" failures="0" tests="4" name="com.mepro.test" time="312.032" errors="0" timestamp="30 Sep 2020 17:18:40 GMT">
  <testcase classname="com.mepro.test.DashBoardTest" name="test" time="0.008"/>
  <testcase classname="com.mepro.test.LoginPageTest" name="verifyLogin" time="6.115"/>
  <testcase classname="com.mepro.test.NewUserLandingPageTest" name="verifyUserNameProffileLink" time="30.417"/>
  <testcase classname="com.mepro.test.PlacementQuizTest" name="verifyAttemptQuiz" time="237.903"/>
</testsuite> <!-- com.mepro.test -->
